<?xml version="1.0" encoding="UTF-8"?>
<testng-results ignored="0" total="1" passed="1" failed="0" skipped="0">
  <reporter-output>
  </reporter-output>
  <suite started-at="2024-01-10T23:33:15 IST" name="Default suite" finished-at="2024-01-10T23:33:43 IST" duration-ms="28275">
    <groups>
    </groups>
    <test started-at="2024-01-10T23:33:15 IST" name="Default test" finished-at="2024-01-10T23:33:43 IST" duration-ms="28275">
      <class name="test.testdemo">
        <test-method is-config="true" signature="setup()[pri:0, instance:test.testdemo@75d3a5e0]" started-at="2024-01-10T23:33:15 IST" name="setup" finished-at="2024-01-10T23:33:24 IST" duration-ms="9096" status="PASS">
          <reporter-output>
          </reporter-output>
        </test-method> <!-- setup -->
        <test-method signature="test()[pri:0, instance:test.testdemo@75d3a5e0]" started-at="2024-01-10T23:33:24 IST" name="test" finished-at="2024-01-10T23:33:43 IST" duration-ms="18994" status="PASS">
          <reporter-output>
          </reporter-output>
        </test-method> <!-- test -->
        <test-method is-config="true" signature="tearDown()[pri:0, instance:test.testdemo@75d3a5e0]" started-at="2024-01-10T23:33:43 IST" name="tearDown" finished-at="2024-01-10T23:33:43 IST" duration-ms="137" status="PASS">
          <reporter-output>
          </reporter-output>
        </test-method> <!-- tearDown -->
      </class> <!-- test.testdemo -->
    </test> <!-- Default test -->
  </suite> <!-- Default suite -->
</testng-results>
